<?xml version="1.0" encoding="UTF-8"?>
<testng-results ignored="0" total="4" passed="4" failed="0" skipped="0">
  <reporter-output>
  </reporter-output>
  <suite started-at="2023-06-30T20:44:45 AEST" name="All Test Suite" finished-at="2023-06-30T20:44:49 AEST" duration-ms="4740">
    <groups>
    </groups>
    <test started-at="2023-06-30T20:44:45 AEST" name="E:/Ujjwal/JavaProjects/PrivateBatch/SeleniumTestNG" finished-at="2023-06-30T20:44:49 AEST" duration-ms="4740">
      <class name="com.testngSelenium.tests.TestNGAnnotations">
        <test-method is-config="true" signature="beforeSuite()[pri:0, instance:com.testngSelenium.tests.TestNGAnnotations@1aa7ecca]" started-at="2023-06-30T20:44:45 AEST" name="beforeSuite" finished-at="2023-06-30T20:44:45 AEST" duration-ms="12" status="PASS">
          <reporter-output>
          </reporter-output>
        </test-method> <!-- beforeSuite -->
        <test-method is-config="true" signature="beforeTest()[pri:0, instance:com.testngSelenium.tests.TestNGAnnotations@1aa7ecca]" started-at="2023-06-30T20:44:48 AEST" name="beforeTest" finished-at="2023-06-30T20:44:48 AEST" duration-ms="1" status="PASS">
          <reporter-output>
          </reporter-output>
        </test-method> <!-- beforeTest -->
        <test-method is-config="true" signature="beforeClass()[pri:0, instance:com.testngSelenium.tests.TestNGAnnotations@1aa7ecca]" started-at="2023-06-30T20:44:49 AEST" name="beforeClass" finished-at="2023-06-30T20:44:49 AEST" duration-ms="0" status="PASS">
          <reporter-output>
          </reporter-output>
        </test-method> <!-- beforeClass -->
        <test-method is-config="true" signature="beforeMethod()[pri:0, instance:com.testngSelenium.tests.TestNGAnnotations@1aa7ecca]" started-at="2023-06-30T20:44:49 AEST" name="beforeMethod" finished-at="2023-06-30T20:44:49 AEST" duration-ms="1" status="PASS">
          <reporter-output>
          </reporter-output>
        </test-method> <!-- beforeMethod -->
        <test-method signature="testCase1()[pri:0, instance:com.testngSelenium.tests.TestNGAnnotations@1aa7ecca]" started-at="2023-06-30T20:44:49 AEST" name="testCase1" finished-at="2023-06-30T20:44:49 AEST" duration-ms="0" status="PASS">
          <reporter-output>
          </reporter-output>
        </test-method> <!-- testCase1 -->
        <test-method is-config="true" signature="afterMethod()[pri:0, instance:com.testngSelenium.tests.TestNGAnnotations@1aa7ecca]" started-at="2023-06-30T20:44:49 AEST" name="afterMethod" finished-at="2023-06-30T20:44:49 AEST" duration-ms="1" status="PASS">
          <reporter-output>
          </reporter-output>
        </test-method> <!-- afterMethod -->
        <test-method is-config="true" signature="afterClass()[pri:0, instance:com.testngSelenium.tests.TestNGAnnotations@1aa7ecca]" started-at="2023-06-30T20:44:49 AEST" name="afterClass" finished-at="2023-06-30T20:44:49 AEST" duration-ms="0" status="PASS">
          <reporter-output>
          </reporter-output>
        </test-method> <!-- afterClass -->
        <test-method is-config="true" signature="afterTest()[pri:0, instance:com.testngSelenium.tests.TestNGAnnotations@1aa7ecca]" started-at="2023-06-30T20:44:49 AEST" name="afterTest" finished-at="2023-06-30T20:44:49 AEST" duration-ms="1" status="PASS">
          <reporter-output>
          </reporter-output>
        </test-method> <!-- afterTest -->
        <test-method is-config="true" signature="afterSuite()[pri:0, instance:com.testngSelenium.tests.TestNGAnnotations@1aa7ecca]" started-at="2023-06-30T20:44:49 AEST" name="afterSuite" finished-at="2023-06-30T20:44:49 AEST" duration-ms="0" status="PASS">
          <reporter-output>
          </reporter-output>
        </test-method> <!-- afterSuite -->
      </class> <!-- com.testngSelenium.tests.TestNGAnnotations -->
      <class name="com.testngSelenium.tests.SauceLabLoginTestPageFactory">
        <test-method is-config="true" signature="setUp()[pri:0, instance:com.testngSelenium.tests.SauceLabLoginTestPageFactory@a514af7]" started-at="2023-06-30T20:44:45 AEST" name="setUp" finished-at="2023-06-30T20:44:48 AEST" duration-ms="3226" status="PASS">
          <reporter-output>
          </reporter-output>
        </test-method> <!-- setUp -->
        <test-method is-config="true" signature="readTestData()[pri:0, instance:com.testngSelenium.tests.SauceLabLoginTestPageFactory@a514af7]" started-at="2023-06-30T20:44:48 AEST" name="readTestData" finished-at="2023-06-30T20:44:48 AEST" duration-ms="613" status="PASS">
          <reporter-output>
          </reporter-output>
        </test-method> <!-- readTestData -->
        <test-method signature="locked_out_user_Test()[pri:0, instance:com.testngSelenium.tests.SauceLabLoginTestPageFactory@a514af7]" started-at="2023-06-30T20:44:48 AEST" name="locked_out_user_Test" finished-at="2023-06-30T20:44:49 AEST" duration-ms="259" status="PASS">
          <reporter-output>
          </reporter-output>
        </test-method> <!-- locked_out_user_Test -->
        <test-method is-config="true" signature="tearDown()[pri:0, instance:com.testngSelenium.tests.SauceLabLoginTestPageFactory@a514af7]" started-at="2023-06-30T20:44:49 AEST" name="tearDown" finished-at="2023-06-30T20:44:49 AEST" duration-ms="0" status="PASS">
          <reporter-output>
          </reporter-output>
        </test-method> <!-- tearDown -->
        <test-method signature="successfulLoginTest()[pri:0, instance:com.testngSelenium.tests.SauceLabLoginTestPageFactory@a514af7]" started-at="2023-06-30T20:44:49 AEST" name="successfulLoginTest" finished-at="2023-06-30T20:44:49 AEST" duration-ms="260" status="PASS">
          <reporter-output>
          </reporter-output>
        </test-method> <!-- successfulLoginTest -->
        <test-method is-config="true" signature="tearDown()[pri:0, instance:com.testngSelenium.tests.SauceLabLoginTestPageFactory@a514af7]" started-at="2023-06-30T20:44:49 AEST" name="tearDown" finished-at="2023-06-30T20:44:49 AEST" duration-ms="1" status="PASS">
          <reporter-output>
          </reporter-output>
        </test-method> <!-- tearDown -->
        <test-method signature="addToCartTest()[pri:0, instance:com.testngSelenium.tests.SauceLabLoginTestPageFactory@a514af7]" started-at="2023-06-30T20:44:49 AEST" name="addToCartTest" finished-at="2023-06-30T20:44:49 AEST" depends-on-methods="com.testngSelenium.tests.SauceLabLoginTestPageFactory.successfulLoginTest" duration-ms="340" status="PASS">
          <reporter-output>
          </reporter-output>
        </test-method> <!-- addToCartTest -->
        <test-method is-config="true" signature="tearDown()[pri:0, instance:com.testngSelenium.tests.SauceLabLoginTestPageFactory@a514af7]" started-at="2023-06-30T20:44:49 AEST" name="tearDown" finished-at="2023-06-30T20:44:49 AEST" duration-ms="0" status="PASS">
          <reporter-output>
          </reporter-output>
        </test-method> <!-- tearDown -->
      </class> <!-- com.testngSelenium.tests.SauceLabLoginTestPageFactory -->
    </test> <!-- E:/Ujjwal/JavaProjects/PrivateBatch/SeleniumTestNG -->
  </suite> <!-- All Test Suite -->
</testng-results>
